TN:
SF:components/ui/Alert/index.tsx
FN:22,Alert
FN:37,AlertTitle
FN:50,AlertDescription
FNF:3
FNH:3
FNDA:12,Alert
FNDA:8,AlertTitle
FNDA:9,AlertDescription
DA:1,1
DA:6,1
DA:7,1
DA:8,1
DA:9,1
DA:10,1
DA:11,1
DA:12,1
DA:13,1
DA:14,1
DA:15,1
DA:16,1
DA:17,1
DA:18,1
DA:19,1
DA:20,1
DA:22,12
DA:23,12
DA:24,12
DA:25,12
DA:26,12
DA:27,12
DA:28,12
DA:29,12
DA:30,12
DA:31,12
DA:32,12
DA:33,12
DA:35,12
DA:37,8
DA:38,8
DA:39,8
DA:40,8
DA:41,8
DA:42,8
DA:43,8
DA:44,8
DA:45,8
DA:46,8
DA:48,8
DA:50,9
DA:51,9
DA:52,9
DA:53,9
DA:54,9
DA:55,9
DA:56,9
DA:57,9
DA:58,9
DA:59,9
DA:60,9
DA:61,9
DA:62,9
DA:64,9
LF:54
LH:54
BRDA:22,0,0,12
BRDA:37,1,0,8
BRDA:50,2,0,9
BRF:3
BRH:3
end_of_record
TN:
SF:components/ui/Badge/index.tsx
FN:28,Badge
FNF:1
FNH:1
FNDA:15,Badge
DA:1,1
DA:7,1
DA:8,1
DA:9,1
DA:10,1
DA:11,1
DA:12,1
DA:13,1
DA:14,1
DA:15,1
DA:16,1
DA:17,1
DA:18,1
DA:19,1
DA:20,1
DA:21,1
DA:22,1
DA:23,1
DA:24,1
DA:25,1
DA:26,1
DA:28,15
DA:29,15
DA:30,15
DA:31,15
DA:32,15
DA:33,15
DA:34,15
DA:35,15
DA:37,15
DA:38,15
DA:39,15
DA:40,15
DA:41,15
DA:42,15
DA:44,15
LF:36
LH:36
BRDA:28,0,0,15
BRDA:35,1,0,3
BRDA:35,2,0,12
BRF:3
BRH:3
end_of_record
TN:
SF:components/ui/Button/index.tsx
FN:39,Button
FNF:1
FNH:1
FNDA:167,Button
DA:1,1
DA:7,1
DA:8,1
DA:9,1
DA:10,1
DA:11,1
DA:12,1
DA:13,1
DA:14,1
DA:15,1
DA:16,1
DA:17,1
DA:18,1
DA:19,1
DA:20,1
DA:21,1
DA:22,1
DA:23,1
DA:24,1
DA:25,1
DA:26,1
DA:27,1
DA:28,1
DA:29,1
DA:30,1
DA:31,1
DA:32,1
DA:33,1
DA:34,1
DA:35,1
DA:36,1
DA:37,1
DA:39,167
DA:40,167
DA:41,167
DA:42,167
DA:43,167
DA:44,167
DA:45,167
DA:48,167
DA:49,167
DA:51,167
DA:52,167
DA:53,167
DA:54,167
DA:55,167
DA:56,167
DA:58,167
LF:48
LH:48
BRDA:39,0,0,167
BRDA:49,1,0,1
BRDA:49,2,0,166
BRF:3
BRH:3
end_of_record
TN:
SF:components/ui/Card/index.tsx
FN:5,Card
FN:18,CardHeader
FN:31,CardTitle
FN:41,CardDescription
FN:51,CardAction
FN:64,CardContent
FN:74,CardFooter
FNF:7
FNH:7
FNDA:8,Card
FNDA:3,CardHeader
FNDA:3,CardTitle
FNDA:3,CardDescription
FNDA:3,CardAction
FNDA:4,CardContent
FNDA:3,CardFooter
DA:1,1
DA:5,8
DA:6,8
DA:7,8
DA:8,8
DA:9,8
DA:10,8
DA:11,8
DA:12,8
DA:13,8
DA:14,8
DA:16,8
DA:18,3
DA:19,3
DA:20,3
DA:21,3
DA:22,3
DA:23,3
DA:24,3
DA:25,3
DA:26,3
DA:27,3
DA:29,3
DA:31,3
DA:32,3
DA:33,3
DA:34,3
DA:35,3
DA:36,3
DA:37,3
DA:39,3
DA:41,3
DA:42,3
DA:43,3
DA:44,3
DA:45,3
DA:46,3
DA:47,3
DA:49,3
DA:51,3
DA:52,3
DA:53,3
DA:54,3
DA:55,3
DA:56,3
DA:57,3
DA:58,3
DA:59,3
DA:60,3
DA:62,3
DA:64,4
DA:65,4
DA:66,4
DA:67,4
DA:68,4
DA:69,4
DA:70,4
DA:72,4
DA:74,3
DA:75,3
DA:76,3
DA:77,3
DA:78,3
DA:79,3
DA:80,3
DA:82,3
LF:66
LH:66
BRDA:5,0,0,8
BRDA:18,1,0,3
BRDA:31,2,0,3
BRDA:41,3,0,3
BRDA:51,4,0,3
BRDA:64,5,0,4
BRDA:74,6,0,3
BRF:7
BRH:7
end_of_record
TN:
SF:components/ui/DropdownMenu/index.tsx
FN:9,DropdownMenu
FN:15,DropdownMenuPortal
FN:23,DropdownMenuTrigger
FN:34,DropdownMenuContent
FN:54,DropdownMenuGroup
FN:62,DropdownMenuItem
FN:85,DropdownMenuCheckboxItem
FN:111,DropdownMenuRadioGroup
FN:122,DropdownMenuRadioItem
FN:146,DropdownMenuLabel
FN:166,DropdownMenuSeparator
FN:179,DropdownMenuShortcut
FN:195,DropdownMenuSub
FN:201,DropdownMenuSubTrigger
FN:225,DropdownMenuSubContent
FNF:15
FNH:11
FNDA:17,DropdownMenu
FNDA:0,DropdownMenuPortal
FNDA:17,DropdownMenuTrigger
FNDA:17,DropdownMenuContent
FNDA:1,DropdownMenuGroup
FNDA:17,DropdownMenuItem
FNDA:3,DropdownMenuCheckboxItem
FNDA:1,DropdownMenuRadioGroup
FNDA:2,DropdownMenuRadioItem
FNDA:1,DropdownMenuLabel
FNDA:1,DropdownMenuSeparator
FNDA:1,DropdownMenuShortcut
FNDA:0,DropdownMenuSub
FNDA:0,DropdownMenuSubTrigger
FNDA:0,DropdownMenuSubContent
DA:1,1
DA:9,17
DA:10,17
DA:11,17
DA:12,17
DA:13,17
DA:15,0
DA:16,0
DA:17,0
DA:18,0
DA:19,0
DA:21,0
DA:23,17
DA:24,17
DA:25,17
DA:26,17
DA:27,17
DA:28,17
DA:29,17
DA:30,17
DA:32,17
DA:34,17
DA:35,17
DA:36,17
DA:37,17
DA:38,17
DA:39,17
DA:40,17
DA:41,17
DA:42,17
DA:43,17
DA:44,17
DA:45,17
DA:46,17
DA:47,17
DA:48,17
DA:49,17
DA:50,17
DA:52,17
DA:54,1
DA:55,1
DA:56,1
DA:57,1
DA:58,1
DA:60,1
DA:62,17
DA:63,17
DA:64,17
DA:65,17
DA:66,17
DA:67,17
DA:70,17
DA:71,17
DA:72,17
DA:73,17
DA:74,17
DA:75,17
DA:76,17
DA:77,17
DA:78,17
DA:79,17
DA:80,17
DA:81,17
DA:83,17
DA:85,3
DA:86,3
DA:87,3
DA:88,3
DA:89,3
DA:90,3
DA:91,3
DA:92,3
DA:93,3
DA:94,3
DA:95,3
DA:96,3
DA:97,3
DA:98,3
DA:99,3
DA:101,3
DA:102,3
DA:103,3
DA:104,3
DA:105,3
DA:106,3
DA:107,3
DA:109,3
DA:111,1
DA:112,1
DA:113,1
DA:114,1
DA:115,1
DA:116,1
DA:117,1
DA:118,1
DA:120,1
DA:122,2
DA:123,2
DA:124,2
DA:125,2
DA:126,2
DA:127,2
DA:128,2
DA:129,2
DA:130,2
DA:131,2
DA:132,2
DA:133,2
DA:134,2
DA:136,2
DA:137,2
DA:138,2
DA:139,2
DA:140,2
DA:141,2
DA:142,2
DA:144,2
DA:146,1
DA:147,1
DA:148,1
DA:149,1
DA:150,1
DA:152,1
DA:153,1
DA:154,1
DA:155,1
DA:156,1
DA:157,1
DA:158,1
DA:159,1
DA:160,1
DA:161,1
DA:162,1
DA:164,1
DA:166,1
DA:167,1
DA:168,1
DA:169,1
DA:170,1
DA:171,1
DA:172,1
DA:173,1
DA:174,1
DA:175,1
DA:177,1
DA:179,1
DA:180,1
DA:181,1
DA:182,1
DA:183,1
DA:184,1
DA:185,1
DA:186,1
DA:187,1
DA:188,1
DA:189,1
DA:190,1
DA:191,1
DA:193,1
DA:195,0
DA:196,0
DA:197,0
DA:198,0
DA:199,0
DA:201,0
DA:202,0
DA:203,0
DA:204,0
DA:205,0
DA:206,0
DA:208,0
DA:209,0
DA:210,0
DA:211,0
DA:212,0
DA:213,0
DA:214,0
DA:215,0
DA:216,0
DA:217,0
DA:219,0
DA:220,0
DA:221,0
DA:223,0
DA:225,0
DA:226,0
DA:227,0
DA:228,0
DA:229,0
DA:230,0
DA:231,0
DA:232,0
DA:233,0
DA:234,0
DA:235,0
DA:236,0
DA:237,0
DA:239,0
LF:198
LH:153
BRDA:9,0,0,17
BRDA:23,1,0,17
BRDA:34,2,0,17
BRDA:54,3,0,1
BRDA:62,4,0,17
BRDA:85,5,0,3
BRDA:111,6,0,1
BRDA:122,7,0,2
BRDA:146,8,0,1
BRDA:166,9,0,1
BRDA:179,10,0,1
BRF:11
BRH:11
end_of_record
TN:
SF:components/ui/Input/index.tsx
FN:5,Input
FNF:1
FNH:1
FNDA:33,Input
DA:1,1
DA:5,33
DA:6,33
DA:7,33
DA:8,33
DA:9,33
DA:10,33
DA:11,33
DA:12,33
DA:13,33
DA:14,33
DA:15,33
DA:16,33
DA:17,33
DA:19,33
LF:15
LH:15
BRDA:5,0,0,33
BRF:1
BRH:1
end_of_record
TN:
SF:components/ui/Label/index.tsx
FN:8,Label
FNF:1
FNH:1
FNDA:11,Label
DA:1,1
DA:8,11
DA:9,11
DA:10,11
DA:11,11
DA:12,11
DA:13,11
DA:14,11
DA:15,11
DA:16,11
DA:17,11
DA:18,11
DA:19,11
DA:20,11
DA:22,11
LF:15
LH:15
BRDA:8,0,0,11
BRF:1
BRH:1
end_of_record
TN:
SF:components/ui/Progress/index.tsx
FN:8,Progress
FNF:1
FNH:1
FNDA:20,Progress
DA:1,1
DA:8,20
DA:9,20
DA:10,20
DA:11,20
DA:12,20
DA:13,20
DA:14,20
DA:15,20
DA:16,20
DA:17,20
DA:18,20
DA:19,20
DA:20,20
DA:21,20
DA:23,20
DA:24,20
DA:25,20
DA:26,20
DA:27,20
DA:28,20
DA:30,20
LF:22
LH:22
BRDA:8,0,0,20
BRDA:26,1,0,3
BRF:2
BRH:2
end_of_record
TN:
SF:components/ui/Separator/index.tsx
FN:8,Separator
FNF:1
FNH:1
FNDA:23,Separator
DA:1,1
DA:8,23
DA:9,23
DA:10,23
DA:11,23
DA:12,23
DA:13,23
DA:14,23
DA:15,23
DA:16,23
DA:17,23
DA:18,23
DA:19,23
DA:20,23
DA:21,23
DA:22,23
DA:23,23
DA:24,23
DA:26,23
LF:19
LH:19
BRDA:8,0,0,23
BRF:1
BRH:1
end_of_record
TN:
SF:components/ui/Sheet/index.tsx
FN:9,Sheet
FN:13,SheetTrigger
FN:19,SheetClose
FN:25,SheetPortal
FN:31,SheetOverlay
FN:47,SheetContent
FN:84,SheetHeader
FN:94,SheetFooter
FN:104,SheetTitle
FN:117,SheetDescription
FNF:10
FNH:10
FNDA:17,Sheet
FNDA:17,SheetTrigger
FNDA:1,SheetClose
FNDA:17,SheetPortal
FNDA:31,SheetOverlay
FNDA:17,SheetContent
FNDA:4,SheetHeader
FNDA:2,SheetFooter
FNDA:15,SheetTitle
FNDA:3,SheetDescription
DA:1,1
DA:9,17
DA:10,17
DA:11,17
DA:13,17
DA:14,17
DA:15,17
DA:16,17
DA:17,17
DA:19,1
DA:20,1
DA:21,1
DA:22,1
DA:23,1
DA:25,17
DA:26,17
DA:27,17
DA:28,17
DA:29,17
DA:31,31
DA:32,31
DA:33,31
DA:34,31
DA:35,31
DA:36,31
DA:37,31
DA:38,31
DA:39,31
DA:40,31
DA:41,31
DA:42,31
DA:43,31
DA:45,31
DA:47,17
DA:48,17
DA:49,17
DA:50,17
DA:51,17
DA:52,17
DA:54,17
DA:55,17
DA:56,17
DA:57,17
DA:58,17
DA:59,17
DA:60,17
DA:61,17
DA:62,17
DA:63,14
DA:64,17
DA:65,1
DA:66,17
DA:67,1
DA:68,17
DA:69,1
DA:70,17
DA:71,17
DA:72,17
DA:74,17
DA:75,17
DA:76,17
DA:77,17
DA:78,17
DA:79,17
DA:80,17
DA:82,17
DA:84,4
DA:85,4
DA:86,4
DA:87,4
DA:88,4
DA:89,4
DA:90,4
DA:92,4
DA:94,2
DA:95,2
DA:96,2
DA:97,2
DA:98,2
DA:99,2
DA:100,2
DA:102,2
DA:104,15
DA:105,15
DA:106,15
DA:107,15
DA:108,15
DA:109,15
DA:110,15
DA:111,15
DA:112,15
DA:113,15
DA:115,15
DA:117,3
DA:118,3
DA:119,3
DA:120,3
DA:121,3
DA:122,3
DA:123,3
DA:124,3
DA:125,3
DA:126,3
DA:128,3
LF:104
LH:104
BRDA:9,0,0,17
BRDA:13,1,0,17
BRDA:19,2,0,1
BRDA:25,3,0,17
BRDA:31,4,0,31
BRDA:47,5,0,17
BRDA:62,6,0,14
BRDA:64,7,0,1
BRDA:66,8,0,1
BRDA:68,9,0,1
BRDA:84,10,0,4
BRDA:94,11,0,2
BRDA:104,12,0,15
BRDA:117,13,0,3
BRF:14
BRH:14
end_of_record
TN:
SF:components/ui/Sidebar/index.tsx
FN:47,useSidebar
FN:56,SidebarProvider
FN:98,handleKeyDown
FN:154,Sidebar
FN:256,SidebarTrigger
FN:270,onClick
FN:282,SidebarRail
FN:307,SidebarInset
FN:321,SidebarInput
FN:335,SidebarHeader
FN:346,SidebarFooter
FN:357,SidebarSeparator
FN:371,SidebarContent
FN:385,SidebarGroup
FN:396,SidebarGroupLabel
FN:417,SidebarGroupAction
FN:440,SidebarGroupContent
FN:454,SidebarMenu
FN:465,SidebarMenuItem
FN:498,SidebarMenuButton
FN:548,SidebarMenuAction
FN:580,SidebarMenuBadge
FN:602,SidebarMenuSkeleton
FN:640,SidebarMenuSub
FN:655,SidebarMenuSubItem
FN:669,SidebarMenuSubButton
FNF:26
FNH:17
FNDA:36,useSidebar
FNDA:26,SidebarProvider
FNDA:1,handleKeyDown
FNDA:25,Sidebar
FNDA:3,SidebarTrigger
FNDA:1,onClick
FNDA:0,SidebarRail
FNDA:0,SidebarInset
FNDA:0,SidebarInput
FNDA:2,SidebarHeader
FNDA:2,SidebarFooter
FNDA:1,SidebarSeparator
FNDA:22,SidebarContent
FNDA:3,SidebarGroup
FNDA:3,SidebarGroupLabel
FNDA:0,SidebarGroupAction
FNDA:2,SidebarGroupContent
FNDA:7,SidebarMenu
FNDA:9,SidebarMenuItem
FNDA:8,SidebarMenuButton
FNDA:0,SidebarMenuAction
FNDA:0,SidebarMenuBadge
FNDA:1,SidebarMenuSkeleton
FNDA:0,SidebarMenuSub
FNDA:0,SidebarMenuSubItem
FNDA:0,SidebarMenuSubButton
DA:1,1
DA:28,1
DA:29,1
DA:30,1
DA:31,1
DA:32,1
DA:33,1
DA:45,1
DA:47,36
DA:48,36
DA:49,36
DA:50,0
DA:51,0
DA:53,36
DA:54,36
DA:56,26
DA:57,26
DA:58,26
DA:59,26
DA:60,26
DA:61,26
DA:62,26
DA:63,26
DA:64,26
DA:68,26
DA:69,26
DA:70,26
DA:74,26
DA:75,26
DA:76,26
DA:77,26
DA:78,1
DA:79,1
DA:80,0
DA:81,1
DA:82,1
DA:83,1
DA:86,1
DA:87,1
DA:88,26
DA:89,26
DA:92,26
DA:93,1
DA:94,26
DA:97,26
DA:98,26
DA:99,1
DA:100,1
DA:101,0
DA:102,1
DA:103,0
DA:104,0
DA:105,0
DA:106,1
DA:108,26
DA:109,26
DA:110,26
DA:114,26
DA:116,26
DA:117,26
DA:118,26
DA:119,26
DA:120,26
DA:121,26
DA:122,26
DA:123,26
DA:124,26
DA:125,26
DA:126,26
DA:127,26
DA:129,26
DA:130,26
DA:131,26
DA:132,26
DA:133,26
DA:134,26
DA:135,26
DA:136,26
DA:137,26
DA:138,26
DA:139,26
DA:141,26
DA:142,26
DA:143,26
DA:144,26
DA:145,26
DA:147,26
DA:148,26
DA:149,26
DA:150,26
DA:152,26
DA:154,25
DA:155,25
DA:156,25
DA:157,25
DA:158,25
DA:159,25
DA:160,25
DA:161,25
DA:165,25
DA:166,25
DA:168,25
DA:169,1
DA:170,1
DA:171,1
DA:172,1
DA:173,1
DA:174,1
DA:175,1
DA:176,1
DA:178,1
DA:179,1
DA:181,1
DA:183,25
DA:184,0
DA:185,0
DA:186,0
DA:187,0
DA:188,0
DA:189,0
DA:190,0
DA:191,0
DA:192,0
DA:193,0
DA:194,0
DA:196,0
DA:198,0
DA:199,0
DA:200,0
DA:201,0
DA:202,0
DA:203,0
DA:204,0
DA:206,0
DA:208,24
DA:209,24
DA:210,24
DA:211,24
DA:212,25
DA:213,25
DA:214,25
DA:215,25
DA:218,25
DA:219,25
DA:220,25
DA:221,25
DA:222,25
DA:223,25
DA:224,25
DA:225,2
DA:226,22
DA:227,25
DA:228,25
DA:229,25
DA:230,25
DA:231,25
DA:232,25
DA:233,25
DA:234,23
DA:235,1
DA:237,25
DA:238,2
DA:239,22
DA:240,25
DA:241,25
DA:242,25
DA:244,25
DA:245,25
DA:246,25
DA:247,25
DA:249,25
DA:250,25
DA:251,25
DA:252,25
DA:254,25
DA:256,3
DA:257,3
DA:258,3
DA:259,3
DA:260,3
DA:261,3
DA:263,3
DA:264,3
DA:265,3
DA:266,3
DA:267,3
DA:268,3
DA:269,3
DA:270,3
DA:271,1
DA:272,1
DA:273,1
DA:274,3
DA:276,3
DA:277,3
DA:278,3
DA:280,3
DA:282,0
DA:283,0
DA:285,0
DA:286,0
DA:287,0
DA:288,0
DA:289,0
DA:290,0
DA:291,0
DA:292,0
DA:293,0
DA:294,0
DA:295,0
DA:296,0
DA:297,0
DA:298,0
DA:299,0
DA:300,0
DA:301,0
DA:302,0
DA:303,0
DA:305,0
DA:307,0
DA:308,0
DA:309,0
DA:310,0
DA:311,0
DA:312,0
DA:313,0
DA:314,0
DA:315,0
DA:316,0
DA:317,0
DA:319,0
DA:321,0
DA:322,0
DA:323,0
DA:324,0
DA:325,0
DA:326,0
DA:327,0
DA:328,0
DA:329,0
DA:330,0
DA:331,0
DA:333,0
DA:335,2
DA:336,2
DA:337,2
DA:338,2
DA:339,2
DA:340,2
DA:341,2
DA:342,2
DA:344,2
DA:346,2
DA:347,2
DA:348,2
DA:349,2
DA:350,2
DA:351,2
DA:352,2
DA:353,2
DA:355,2
DA:357,1
DA:358,1
DA:359,1
DA:360,1
DA:361,1
DA:362,1
DA:363,1
DA:364,1
DA:365,1
DA:366,1
DA:367,1
DA:369,1
DA:371,22
DA:372,22
DA:373,22
DA:374,22
DA:375,22
DA:376,22
DA:377,22
DA:378,22
DA:379,22
DA:380,22
DA:381,22
DA:383,22
DA:385,3
DA:386,3
DA:387,3
DA:388,3
DA:389,3
DA:390,3
DA:391,3
DA:392,3
DA:394,3
DA:396,3
DA:397,3
DA:398,3
DA:399,3
DA:400,3
DA:401,3
DA:403,3
DA:404,3
DA:405,3
DA:406,3
DA:407,3
DA:408,3
DA:409,3
DA:410,3
DA:411,3
DA:412,3
DA:413,3
DA:415,3
DA:417,0
DA:418,0
DA:419,0
DA:420,0
DA:421,0
DA:422,0
DA:424,0
DA:425,0
DA:426,0
DA:427,0
DA:428,0
DA:429,0
DA:431,0
DA:432,0
DA:433,0
DA:434,0
DA:435,0
DA:436,0
DA:438,0
DA:440,2
DA:441,2
DA:442,2
DA:443,2
DA:444,2
DA:445,2
DA:446,2
DA:447,2
DA:448,2
DA:449,2
DA:450,2
DA:452,2
DA:454,7
DA:455,7
DA:456,7
DA:457,7
DA:458,7
DA:459,7
DA:460,7
DA:461,7
DA:463,7
DA:465,9
DA:466,9
DA:467,9
DA:468,9
DA:469,9
DA:470,9
DA:471,9
DA:472,9
DA:474,9
DA:476,1
DA:477,1
DA:478,1
DA:479,1
DA:480,1
DA:481,1
DA:482,1
DA:483,1
DA:484,1
DA:485,1
DA:486,1
DA:487,1
DA:488,1
DA:489,1
DA:490,1
DA:491,1
DA:492,1
DA:493,1
DA:494,1
DA:495,1
DA:496,1
DA:498,8
DA:499,8
DA:500,8
DA:501,8
DA:502,8
DA:503,8
DA:504,8
DA:505,8
DA:506,8
DA:510,8
DA:511,8
DA:512,8
DA:514,8
DA:515,8
DA:516,8
DA:517,8
DA:518,8
DA:519,8
DA:520,8
DA:521,8
DA:522,8
DA:525,8
DA:526,8
DA:527,8
DA:529,0
DA:530,0
DA:531,0
DA:532,0
DA:533,0
DA:535,0
DA:536,0
DA:537,0
DA:538,0
DA:539,0
DA:540,0
DA:541,0
DA:542,8
DA:543,8
DA:544,8
DA:546,8
DA:548,0
DA:549,0
DA:550,0
DA:551,0
DA:552,0
DA:553,0
DA:556,0
DA:557,0
DA:559,0
DA:560,0
DA:561,0
DA:562,0
DA:563,0
DA:564,0
DA:566,0
DA:567,0
DA:568,0
DA:569,0
DA:570,0
DA:571,0
DA:572,0
DA:573,0
DA:574,0
DA:575,0
DA:576,0
DA:578,0
DA:580,0
DA:581,0
DA:582,0
DA:583,0
DA:584,0
DA:585,0
DA:586,0
DA:587,0
DA:588,0
DA:589,0
DA:590,0
DA:591,0
DA:592,0
DA:593,0
DA:594,0
DA:595,0
DA:596,0
DA:597,0
DA:598,0
DA:600,0
DA:602,1
DA:603,1
DA:604,1
DA:605,1
DA:606,1
DA:608,1
DA:610,1
DA:611,1
DA:612,1
DA:614,1
DA:615,1
DA:616,1
DA:617,1
DA:618,1
DA:619,1
DA:621,1
DA:622,1
DA:623,1
DA:624,1
DA:625,1
DA:627,1
DA:628,1
DA:629,1
DA:630,1
DA:631,1
DA:632,1
DA:633,1
DA:635,1
DA:636,1
DA:638,1
DA:640,0
DA:641,0
DA:642,0
DA:643,0
DA:644,0
DA:645,0
DA:646,0
DA:647,0
DA:648,0
DA:649,0
DA:650,0
DA:651,0
DA:653,0
DA:655,0
DA:656,0
DA:657,0
DA:658,0
DA:659,0
DA:660,0
DA:661,0
DA:662,0
DA:663,0
DA:664,0
DA:665,0
DA:667,0
DA:669,0
DA:670,0
DA:671,0
DA:672,0
DA:673,0
DA:674,0
DA:675,0
DA:679,0
DA:680,0
DA:682,0
DA:683,0
DA:684,0
DA:685,0
DA:686,0
DA:687,0
DA:688,0
DA:689,0
DA:690,0
DA:691,0
DA:692,0
DA:693,0
DA:694,0
DA:695,0
DA:696,0
DA:697,0
DA:699,0
LF:549
LH:348
BRDA:47,0,0,36
BRDA:49,1,0,0
BRDA:56,2,0,26
BRDA:114,3,0,23
BRDA:114,4,0,3
BRDA:77,5,0,1
BRDA:78,6,0,0
BRDA:79,7,0,0
BRDA:92,8,0,1
BRDA:93,9,0,0
BRDA:93,10,0,1
BRDA:97,11,0,26
BRDA:98,12,0,1
BRDA:100,13,0,0
BRDA:102,14,0,0
BRDA:109,15,0,26
BRDA:117,16,0,26
BRDA:154,17,0,25
BRDA:168,18,0,1
BRDA:181,19,0,24
BRDA:183,20,0,0
BRDA:206,21,0,24
BRDA:212,22,0,3
BRDA:212,23,0,21
BRDA:224,24,0,23
BRDA:224,25,0,2
BRDA:225,26,0,22
BRDA:233,27,0,23
BRDA:234,28,0,1
BRDA:237,29,0,23
BRDA:237,30,0,2
BRDA:238,31,0,22
BRDA:256,32,0,3
BRDA:270,33,0,1
BRDA:271,34,0,0
BRDA:335,35,0,2
BRDA:346,36,0,2
BRDA:357,37,0,1
BRDA:371,38,0,22
BRDA:385,39,0,3
BRDA:396,40,0,3
BRDA:401,41,0,0
BRDA:440,42,0,2
BRDA:454,43,0,7
BRDA:465,44,0,9
BRDA:498,45,0,8
BRDA:511,46,0,0
BRDA:527,47,0,0
BRDA:602,48,0,1
BRDA:610,49,0,1
BRF:50
BRH:39
end_of_record
TN:
SF:components/ui/Skeleton/index.tsx
FN:3,Skeleton
FNF:1
FNH:1
FNDA:35,Skeleton
DA:1,1
DA:3,35
DA:4,35
DA:5,35
DA:6,35
DA:7,35
DA:8,35
DA:9,35
DA:11,35
LF:9
LH:9
BRDA:3,0,0,35
BRF:1
BRH:1
end_of_record
TN:
SF:components/ui/Table/index.tsx
FN:7,Table
FN:22,TableHeader
FN:32,TableBody
FN:42,TableFooter
FN:55,TableRow
FN:68,TableHead
FN:81,TableCell
FN:94,TableCaption
FNF:8
FNH:8
FNDA:24,Table
FNDA:5,TableHeader
FNDA:19,TableBody
FNDA:3,TableFooter
FNDA:30,TableRow
FNDA:7,TableHead
FNDA:29,TableCell
FNDA:3,TableCaption
DA:1,1
DA:7,24
DA:8,24
DA:9,24
DA:10,24
DA:11,24
DA:13,24
DA:14,24
DA:15,24
DA:16,24
DA:17,24
DA:18,24
DA:20,24
DA:22,5
DA:23,5
DA:24,5
DA:25,5
DA:26,5
DA:27,5
DA:28,5
DA:30,5
DA:32,19
DA:33,19
DA:34,19
DA:35,19
DA:36,19
DA:37,19
DA:38,19
DA:40,19
DA:42,3
DA:43,3
DA:44,3
DA:45,3
DA:46,3
DA:47,3
DA:48,3
DA:49,3
DA:50,3
DA:51,3
DA:53,3
DA:55,30
DA:56,30
DA:57,30
DA:58,30
DA:59,30
DA:60,30
DA:61,30
DA:62,30
DA:63,30
DA:64,30
DA:66,30
DA:68,7
DA:69,7
DA:70,7
DA:71,7
DA:72,7
DA:73,7
DA:74,7
DA:75,7
DA:76,7
DA:77,7
DA:79,7
DA:81,29
DA:82,29
DA:83,29
DA:84,29
DA:85,29
DA:86,29
DA:87,29
DA:88,29
DA:89,29
DA:90,29
DA:92,29
DA:94,3
DA:95,3
DA:96,3
DA:97,3
DA:98,3
DA:99,3
DA:100,3
DA:101,3
DA:102,3
DA:103,3
DA:105,3
LF:84
LH:84
BRDA:7,0,0,24
BRDA:22,1,0,5
BRDA:32,2,0,19
BRDA:42,3,0,3
BRDA:55,4,0,30
BRDA:68,5,0,7
BRDA:81,6,0,29
BRDA:94,7,0,3
BRF:8
BRH:8
end_of_record
TN:
SF:components/ui/Tooltip/index.tsx
FN:8,TooltipProvider
FN:21,Tooltip
FN:31,TooltipTrigger
FN:37,TooltipContent
FNF:4
FNH:4
FNDA:46,TooltipProvider
FNDA:18,Tooltip
FNDA:18,TooltipTrigger
FNDA:18,TooltipContent
DA:1,1
DA:8,46
DA:9,46
DA:10,46
DA:11,46
DA:12,46
DA:13,46
DA:14,46
DA:15,46
DA:16,46
DA:17,46
DA:19,46
DA:21,18
DA:22,18
DA:23,18
DA:24,18
DA:25,18
DA:26,18
DA:27,18
DA:29,18
DA:31,18
DA:32,18
DA:33,18
DA:34,18
DA:35,18
DA:37,18
DA:38,18
DA:39,18
DA:40,18
DA:41,18
DA:42,18
DA:43,18
DA:44,18
DA:45,18
DA:46,18
DA:47,18
DA:48,18
DA:49,18
DA:50,18
DA:51,18
DA:52,18
DA:54,18
DA:55,18
DA:56,18
DA:57,18
DA:59,18
LF:46
LH:46
BRDA:8,0,0,46
BRDA:21,1,0,18
BRDA:31,2,0,18
BRDA:37,3,0,18
BRF:4
BRH:4
end_of_record
